<?xml version="1.0" encoding="UTF-8"?>
<!-- Generated by org.testng.reporters.JUnitReportReporter -->
<testsuite hostname="DESKTOP-IA01B7F" failures="0" tests="4" name="MavenGrpId_1.MavenArtId_1.TestLogin" time="29.543" errors="0" timestamp="2020-11-09T12:17:18 NZDT" skipped="0">
  <testcase classname="MavenGrpId_1.MavenArtId_1.TestLogin" name="TC1" time="10.052"/>
  <system-out/>
  <testcase classname="MavenGrpId_1.MavenArtId_1.TestLogin" name="TC2" time="6.485"/>
  <system-out/>
  <testcase classname="MavenGrpId_1.MavenArtId_1.TestLogin" name="TC3" time="6.447"/>
  <system-out/>
  <testcase classname="MavenGrpId_1.MavenArtId_1.TestLogin" name="TC4" time="6.559"/>
  <system-out/>
</testsuite> <!-- MavenGrpId_1.MavenArtId_1.TestLogin -->
