<?xml version="1.0" encoding="UTF-8"?>
<!-- Generated by org.testng.reporters.JUnitReportReporter -->
<testsuite hostname="DESKTOP-IA01B7F" failures="0" tests="1" name="MavenGrpId_1.MavenArtId_1.AdminTest2Code" time="14.155" errors="0" timestamp="2020-11-09T12:17:18 NZDT" skipped="0">
  <testcase classname="MavenGrpId_1.MavenArtId_1.AdminTest2Code" name="TC5" time="14.155"/>
  <system-out/>
</testsuite> <!-- MavenGrpId_1.MavenArtId_1.AdminTest2Code -->
