<?xml version="1.0" encoding="UTF-8"?>
<!-- Generated by org.testng.reporters.JUnitXMLReporter -->
<testsuite ignored="0" hostname="DESKTOP-IA01B7F" failures="0" tests="5" name="TestResults" time="43.758" errors="0" timestamp="2020-11-09T12:17:17 NZDT">
  <testcase classname="MavenGrpId_1.MavenArtId_1.AdminTest2Code" name="TC5" time="6.614"/>
  <testcase classname="MavenGrpId_1.MavenArtId_1.TestLogin" name="TC1" time="4.331"/>
  <testcase classname="MavenGrpId_1.MavenArtId_1.TestLogin" name="TC2" time="0.785"/>
  <testcase classname="MavenGrpId_1.MavenArtId_1.TestLogin" name="TC3" time="0.855"/>
  <testcase classname="MavenGrpId_1.MavenArtId_1.TestLogin" name="TC4" time="0.811"/>
</testsuite> <!-- TestResults -->
