<?xml version="1.0" encoding="UTF-8"?>
<!-- Generated by org.testng.reporters.JUnitReportReporter -->
<testsuite hostname="DESKTOP-IA01B7F" failures="0" tests="5" name="testNG_Framework1.Framework" time="39.528" errors="0" timestamp="2020-11-06T12:54:33 NZDT" skipped="0">
  <testcase classname="testNG_Framework1.Framework" name="TC4_Invalid_Username_and_Password" time="6.556"/>
  <system-out/>
  <testcase classname="testNG_Framework1.Framework" name="TC2_Invalid_Password" time="6.697"/>
  <system-out/>
  <testcase classname="testNG_Framework1.Framework" name="TC5_Logout" time="9.953"/>
  <system-out/>
  <testcase classname="testNG_Framework1.Framework" name="TC1_Valid_Login" time="9.944"/>
  <system-out/>
  <testcase classname="testNG_Framework1.Framework" name="TC3_Invalid_Username" time="6.378"/>
  <system-out/>
</testsuite> <!-- testNG_Framework1.Framework -->
