<?xml version="1.0" encoding="UTF-8"?>
<!-- Generated by org.testng.reporters.JUnitReportReporter -->
<testsuite hostname="DESKTOP-IA01B7F" failures="0" tests="5" name="testNG_Framework1.testNG_Framework2" time="47.153" errors="0" timestamp="2020-11-06T12:54:33 NZDT" skipped="0">
  <testcase classname="testNG_Framework1.testNG_Framework2" name="TC1" time="11.608"/>
  <system-out/>
  <testcase classname="testNG_Framework1.testNG_Framework2" name="TC2" time="6.458"/>
  <system-out/>
  <testcase classname="testNG_Framework1.testNG_Framework2" name="TC3" time="12.358"/>
  <system-out/>
  <testcase classname="testNG_Framework1.testNG_Framework2" name="TC4" time="6.590"/>
  <system-out/>
  <testcase classname="testNG_Framework1.testNG_Framework2" name="TC5" time="10.139"/>
  <system-out/>
</testsuite> <!-- testNG_Framework1.testNG_Framework2 -->
